2025-09-06 16:52:24,151 - INFO - Processing ROI: D-49-49-A
2025-09-06 16:52:24,152 - INFO - Generated 31 target dates from 2023-01-01 to 2023-01-31
2025-09-06 16:52:24,152 - INFO - ==================================================
2025-09-06 16:52:24,152 - INFO - Starting LST data retrieval for ROI 'D-49-49-A'...
2025-09-06 16:52:24,221 - INFO - LST data retrieval finished for ROI 'D-49-49-A'.
2025-09-06 16:52:24,221 - INFO - ==================================================
2025-09-06 16:52:24,221 - INFO - Starting ERA5 data retrieval for ROI 'D-49-49-A'...
2025-09-06 16:52:24,221 - INFO - ERA5 data retrieval finished for ROI 'D-49-49-A'.
2025-09-06 16:52:24,221 - INFO - ==================================================
2025-09-06 16:52:24,221 - INFO - Starting Sentinel-2 data retrieval for ROI 'D-49-49-A'...
2025-09-06 16:52:24,221 - INFO - --- Starting S2 retrieval process for 31 specific dates ---
2025-09-06 16:52:24,221 - INFO - Created output folder: data/retrieved_data/D-49-49-A/s2_images
2025-09-06 16:52:24,222 - INFO - No Sentinel-2 files found for date 2023-01-01
2025-09-06 16:52:24,222 - WARNING - No S2 files found for date 2023-01-01
2025-09-06 16:52:24,222 - INFO - No Sentinel-2 files found for date 2023-01-02
2025-09-06 16:52:24,222 - WARNING - No S2 files found for date 2023-01-02
2025-09-06 16:52:24,222 - INFO - No Sentinel-2 files found for date 2023-01-03
2025-09-06 16:52:24,222 - WARNING - No S2 files found for date 2023-01-03
2025-09-06 16:52:24,222 - INFO - No Sentinel-2 files found for date 2023-01-04
2025-09-06 16:52:24,222 - WARNING - No S2 files found for date 2023-01-04
2025-09-06 16:52:24,222 - INFO - No Sentinel-2 files found for date 2023-01-05
2025-09-06 16:52:24,222 - WARNING - No S2 files found for date 2023-01-05
2025-09-06 16:52:24,222 - INFO - No Sentinel-2 files found for date 2023-01-06
2025-09-06 16:52:24,222 - WARNING - No S2 files found for date 2023-01-06
2025-09-06 16:52:24,223 - INFO - No Sentinel-2 files found for date 2023-01-07
2025-09-06 16:52:24,223 - WARNING - No S2 files found for date 2023-01-07
2025-09-06 16:52:24,223 - INFO - No Sentinel-2 files found for date 2023-01-08
2025-09-06 16:52:24,223 - WARNING - No S2 files found for date 2023-01-08
2025-09-06 16:52:24,223 - INFO - No Sentinel-2 files found for date 2023-01-09
2025-09-06 16:52:24,223 - WARNING - No S2 files found for date 2023-01-09
2025-09-06 16:52:24,223 - INFO - No Sentinel-2 files found for date 2023-01-10
2025-09-06 16:52:24,223 - WARNING - No S2 files found for date 2023-01-10
2025-09-06 16:52:24,223 - INFO - No Sentinel-2 files found for date 2023-01-11
2025-09-06 16:52:24,223 - WARNING - No S2 files found for date 2023-01-11
2025-09-06 16:52:24,223 - INFO - Found 4 Sentinel-2 files for date 2023-01-12
2025-09-06 16:52:24,224 - INFO - Successfully copied S2 image for 2023-01-12
2025-09-06 16:52:24,225 - INFO - No Sentinel-2 files found for date 2023-01-13
2025-09-06 16:52:24,225 - WARNING - No S2 files found for date 2023-01-13
2025-09-06 16:52:24,225 - INFO - No Sentinel-2 files found for date 2023-01-14
2025-09-06 16:52:24,225 - WARNING - No S2 files found for date 2023-01-14
2025-09-06 16:52:24,225 - INFO - No Sentinel-2 files found for date 2023-01-15
2025-09-06 16:52:24,225 - WARNING - No S2 files found for date 2023-01-15
2025-09-06 16:52:24,225 - INFO - No Sentinel-2 files found for date 2023-01-16
2025-09-06 16:52:24,225 - WARNING - No S2 files found for date 2023-01-16
2025-09-06 16:52:24,225 - INFO - No Sentinel-2 files found for date 2023-01-17
2025-09-06 16:52:24,225 - WARNING - No S2 files found for date 2023-01-17
2025-09-06 16:52:24,226 - INFO - No Sentinel-2 files found for date 2023-01-18
2025-09-06 16:52:24,226 - WARNING - No S2 files found for date 2023-01-18
2025-09-06 16:52:24,226 - INFO - No Sentinel-2 files found for date 2023-01-19
2025-09-06 16:52:24,226 - WARNING - No S2 files found for date 2023-01-19
2025-09-06 16:52:24,226 - INFO - No Sentinel-2 files found for date 2023-01-20
2025-09-06 16:52:24,226 - WARNING - No S2 files found for date 2023-01-20
2025-09-06 16:52:24,226 - INFO - No Sentinel-2 files found for date 2023-01-21
2025-09-06 16:52:24,226 - WARNING - No S2 files found for date 2023-01-21
2025-09-06 16:52:24,226 - INFO - No Sentinel-2 files found for date 2023-01-22
2025-09-06 16:52:24,226 - WARNING - No S2 files found for date 2023-01-22
2025-09-06 16:52:24,226 - INFO - No Sentinel-2 files found for date 2023-01-23
2025-09-06 16:52:24,226 - WARNING - No S2 files found for date 2023-01-23
2025-09-06 16:52:24,227 - INFO - No Sentinel-2 files found for date 2023-01-24
2025-09-06 16:52:24,227 - WARNING - No S2 files found for date 2023-01-24
2025-09-06 16:52:24,227 - INFO - No Sentinel-2 files found for date 2023-01-25
2025-09-06 16:52:24,227 - WARNING - No S2 files found for date 2023-01-25
2025-09-06 16:52:24,227 - INFO - No Sentinel-2 files found for date 2023-01-26
2025-09-06 16:52:24,227 - WARNING - No S2 files found for date 2023-01-26
2025-09-06 16:52:24,227 - INFO - Found 2 Sentinel-2 files for date 2023-01-27
2025-09-06 16:52:24,237 - INFO - Successfully copied S2 image for 2023-01-27
2025-09-06 16:52:24,237 - INFO - No Sentinel-2 files found for date 2023-01-28
2025-09-06 16:52:24,237 - WARNING - No S2 files found for date 2023-01-28
2025-09-06 16:52:24,238 - INFO - No Sentinel-2 files found for date 2023-01-29
2025-09-06 16:52:24,238 - WARNING - No S2 files found for date 2023-01-29
2025-09-06 16:52:24,238 - INFO - No Sentinel-2 files found for date 2023-01-30
2025-09-06 16:52:24,238 - WARNING - No S2 files found for date 2023-01-30
2025-09-06 16:52:24,238 - INFO - No Sentinel-2 files found for date 2023-01-31
2025-09-06 16:52:24,238 - WARNING - No S2 files found for date 2023-01-31
2025-09-06 16:52:24,238 - INFO - --- S2 retrieval process finished ---
2025-09-06 16:52:24,238 - INFO - Sentinel-2 data retrieval finished for ROI 'D-49-49-A'.
2025-09-06 16:52:24,238 - INFO - ==================================================
2025-09-06 16:52:24,238 - INFO - Data retrieval orchestration finished. Total time: 0:00:00.098678
2025-09-06 17:02:29,201 - INFO - Processing ROI: D-49-49-A
2025-09-06 17:02:29,202 - INFO - Generated 31 target dates from 2023-01-01 to 2023-01-31
2025-09-06 17:02:29,203 - INFO - ==================================================
2025-09-06 17:02:29,203 - INFO - Starting LST data retrieval for ROI 'D-49-49-A'...
2025-09-06 17:02:29,246 - INFO - LST data retrieval finished for ROI 'D-49-49-A'.
2025-09-06 17:02:29,247 - INFO - ==================================================
2025-09-06 17:02:29,247 - INFO - Starting ERA5 data retrieval for ROI 'D-49-49-A'...
2025-09-06 17:02:29,247 - INFO - ERA5 data retrieval finished for ROI 'D-49-49-A'.
2025-09-06 17:02:29,247 - INFO - ==================================================
2025-09-06 17:02:29,247 - INFO - Starting Sentinel-2 data retrieval for ROI 'D-49-49-A'...
2025-09-06 17:02:29,247 - INFO - --- Starting S2 retrieval process for 31 specific dates ---
2025-09-06 17:02:29,247 - INFO - No Sentinel-2 files found for date 2023-01-01
2025-09-06 17:02:29,248 - WARNING - No S2 files found for date 2023-01-01
2025-09-06 17:02:29,248 - INFO - No Sentinel-2 files found for date 2023-01-02
2025-09-06 17:02:29,248 - WARNING - No S2 files found for date 2023-01-02
2025-09-06 17:02:29,248 - INFO - No Sentinel-2 files found for date 2023-01-03
2025-09-06 17:02:29,248 - WARNING - No S2 files found for date 2023-01-03
2025-09-06 17:02:29,249 - INFO - No Sentinel-2 files found for date 2023-01-04
2025-09-06 17:02:29,249 - WARNING - No S2 files found for date 2023-01-04
2025-09-06 17:02:29,249 - INFO - No Sentinel-2 files found for date 2023-01-05
2025-09-06 17:02:29,249 - WARNING - No S2 files found for date 2023-01-05
2025-09-06 17:02:29,249 - INFO - No Sentinel-2 files found for date 2023-01-06
2025-09-06 17:02:29,249 - WARNING - No S2 files found for date 2023-01-06
2025-09-06 17:02:29,250 - INFO - No Sentinel-2 files found for date 2023-01-07
2025-09-06 17:02:29,250 - WARNING - No S2 files found for date 2023-01-07
2025-09-06 17:02:29,250 - INFO - No Sentinel-2 files found for date 2023-01-08
2025-09-06 17:02:29,250 - WARNING - No S2 files found for date 2023-01-08
2025-09-06 17:02:29,250 - INFO - No Sentinel-2 files found for date 2023-01-09
2025-09-06 17:02:29,250 - WARNING - No S2 files found for date 2023-01-09
2025-09-06 17:02:29,251 - INFO - No Sentinel-2 files found for date 2023-01-10
2025-09-06 17:02:29,251 - WARNING - No S2 files found for date 2023-01-10
2025-09-06 17:02:29,251 - INFO - No Sentinel-2 files found for date 2023-01-11
2025-09-06 17:02:29,251 - WARNING - No S2 files found for date 2023-01-11
2025-09-06 17:02:29,251 - INFO - Skipping S2 copy for 2023-01-12: file already exists.
2025-09-06 17:02:29,251 - INFO - No Sentinel-2 files found for date 2023-01-13
2025-09-06 17:02:29,252 - WARNING - No S2 files found for date 2023-01-13
2025-09-06 17:02:29,252 - INFO - No Sentinel-2 files found for date 2023-01-14
2025-09-06 17:02:29,252 - WARNING - No S2 files found for date 2023-01-14
2025-09-06 17:02:29,252 - INFO - No Sentinel-2 files found for date 2023-01-15
2025-09-06 17:02:29,252 - WARNING - No S2 files found for date 2023-01-15
2025-09-06 17:02:29,252 - INFO - No Sentinel-2 files found for date 2023-01-16
2025-09-06 17:02:29,253 - WARNING - No S2 files found for date 2023-01-16
2025-09-06 17:02:29,253 - INFO - No Sentinel-2 files found for date 2023-01-17
2025-09-06 17:02:29,253 - WARNING - No S2 files found for date 2023-01-17
2025-09-06 17:02:29,253 - INFO - No Sentinel-2 files found for date 2023-01-18
2025-09-06 17:02:29,253 - WARNING - No S2 files found for date 2023-01-18
2025-09-06 17:02:29,254 - INFO - No Sentinel-2 files found for date 2023-01-19
2025-09-06 17:02:29,254 - WARNING - No S2 files found for date 2023-01-19
2025-09-06 17:02:29,254 - INFO - No Sentinel-2 files found for date 2023-01-20
2025-09-06 17:02:29,254 - WARNING - No S2 files found for date 2023-01-20
2025-09-06 17:02:29,254 - INFO - No Sentinel-2 files found for date 2023-01-21
2025-09-06 17:02:29,254 - WARNING - No S2 files found for date 2023-01-21
2025-09-06 17:02:29,255 - INFO - No Sentinel-2 files found for date 2023-01-22
2025-09-06 17:02:29,255 - WARNING - No S2 files found for date 2023-01-22
2025-09-06 17:02:29,255 - INFO - No Sentinel-2 files found for date 2023-01-23
2025-09-06 17:02:29,255 - WARNING - No S2 files found for date 2023-01-23
2025-09-06 17:02:29,255 - INFO - No Sentinel-2 files found for date 2023-01-24
2025-09-06 17:02:29,255 - WARNING - No S2 files found for date 2023-01-24
2025-09-06 17:02:29,256 - INFO - No Sentinel-2 files found for date 2023-01-25
2025-09-06 17:02:29,256 - WARNING - No S2 files found for date 2023-01-25
2025-09-06 17:02:29,256 - INFO - No Sentinel-2 files found for date 2023-01-26
2025-09-06 17:02:29,256 - WARNING - No S2 files found for date 2023-01-26
2025-09-06 17:02:29,256 - INFO - Skipping S2 copy for 2023-01-27: file already exists.
2025-09-06 17:02:29,256 - INFO - No Sentinel-2 files found for date 2023-01-28
2025-09-06 17:02:29,257 - WARNING - No S2 files found for date 2023-01-28
2025-09-06 17:02:29,257 - INFO - No Sentinel-2 files found for date 2023-01-29
2025-09-06 17:02:29,257 - WARNING - No S2 files found for date 2023-01-29
2025-09-06 17:02:29,257 - INFO - No Sentinel-2 files found for date 2023-01-30
2025-09-06 17:02:29,257 - WARNING - No S2 files found for date 2023-01-30
2025-09-06 17:02:29,257 - INFO - No Sentinel-2 files found for date 2023-01-31
2025-09-06 17:02:29,257 - WARNING - No S2 files found for date 2023-01-31
2025-09-06 17:02:29,257 - INFO - --- S2 retrieval process finished ---
2025-09-06 17:02:29,257 - INFO - Sentinel-2 data retrieval finished for ROI 'D-49-49-A'.
2025-09-06 17:02:29,257 - INFO - ==================================================
2025-09-06 17:02:29,257 - INFO - Data retrieval orchestration finished. Total time: 0:00:00.066688
2025-09-06 17:02:41,827 - INFO - Processing ROI: D-49-49-A
2025-09-06 17:02:41,829 - INFO - Generated 31 target dates from 2023-01-01 to 2023-01-31
2025-09-06 17:02:41,829 - INFO - ==================================================
2025-09-06 17:02:41,829 - INFO - Starting LST data retrieval for ROI 'D-49-49-A'...
2025-09-06 17:02:41,886 - INFO - LST data retrieval finished for ROI 'D-49-49-A'.
2025-09-06 17:02:41,886 - INFO - ==================================================
2025-09-06 17:02:41,886 - INFO - Starting ERA5 data retrieval for ROI 'D-49-49-A'...
2025-09-06 17:02:41,886 - INFO - ERA5 data retrieval finished for ROI 'D-49-49-A'.
2025-09-06 17:02:41,886 - INFO - ==================================================
2025-09-06 17:02:41,886 - INFO - Starting Sentinel-2 data retrieval for ROI 'D-49-49-A'...
2025-09-06 17:02:41,887 - INFO - --- Starting S2 retrieval process for 31 specific dates ---
2025-09-06 17:02:41,887 - INFO - Created output folder: data/retrieved_data/D-49-49-A/s2_images
2025-09-06 17:02:41,887 - INFO - No Sentinel-2 files found for date 2023-01-01
2025-09-06 17:02:41,887 - WARNING - No S2 files found for date 2023-01-01
2025-09-06 17:02:41,887 - INFO - No Sentinel-2 files found for date 2023-01-02
2025-09-06 17:02:41,887 - WARNING - No S2 files found for date 2023-01-02
2025-09-06 17:02:41,887 - INFO - No Sentinel-2 files found for date 2023-01-03
2025-09-06 17:02:41,887 - WARNING - No S2 files found for date 2023-01-03
2025-09-06 17:02:41,887 - INFO - No Sentinel-2 files found for date 2023-01-04
2025-09-06 17:02:41,887 - WARNING - No S2 files found for date 2023-01-04
2025-09-06 17:02:41,887 - INFO - No Sentinel-2 files found for date 2023-01-05
2025-09-06 17:02:41,887 - WARNING - No S2 files found for date 2023-01-05
2025-09-06 17:02:41,888 - INFO - No Sentinel-2 files found for date 2023-01-06
2025-09-06 17:02:41,888 - WARNING - No S2 files found for date 2023-01-06
2025-09-06 17:02:41,888 - INFO - No Sentinel-2 files found for date 2023-01-07
2025-09-06 17:02:41,888 - WARNING - No S2 files found for date 2023-01-07
2025-09-06 17:02:41,888 - INFO - No Sentinel-2 files found for date 2023-01-08
2025-09-06 17:02:41,888 - WARNING - No S2 files found for date 2023-01-08
2025-09-06 17:02:41,888 - INFO - No Sentinel-2 files found for date 2023-01-09
2025-09-06 17:02:41,888 - WARNING - No S2 files found for date 2023-01-09
2025-09-06 17:02:41,888 - INFO - No Sentinel-2 files found for date 2023-01-10
2025-09-06 17:02:41,888 - WARNING - No S2 files found for date 2023-01-10
2025-09-06 17:02:41,889 - INFO - No Sentinel-2 files found for date 2023-01-11
2025-09-06 17:02:41,889 - WARNING - No S2 files found for date 2023-01-11
2025-09-06 17:02:41,889 - INFO - Found 4 Sentinel-2 files for date 2023-01-12
2025-09-06 17:02:41,890 - INFO - Successfully copied S2 image for 2023-01-12
2025-09-06 17:02:41,890 - INFO - No Sentinel-2 files found for date 2023-01-13
2025-09-06 17:02:41,890 - WARNING - No S2 files found for date 2023-01-13
2025-09-06 17:02:41,890 - INFO - No Sentinel-2 files found for date 2023-01-14
2025-09-06 17:02:41,890 - WARNING - No S2 files found for date 2023-01-14
2025-09-06 17:02:41,890 - INFO - No Sentinel-2 files found for date 2023-01-15
2025-09-06 17:02:41,890 - WARNING - No S2 files found for date 2023-01-15
2025-09-06 17:02:41,891 - INFO - No Sentinel-2 files found for date 2023-01-16
2025-09-06 17:02:41,891 - WARNING - No S2 files found for date 2023-01-16
2025-09-06 17:02:41,891 - INFO - No Sentinel-2 files found for date 2023-01-17
2025-09-06 17:02:41,891 - WARNING - No S2 files found for date 2023-01-17
2025-09-06 17:02:41,891 - INFO - No Sentinel-2 files found for date 2023-01-18
2025-09-06 17:02:41,891 - WARNING - No S2 files found for date 2023-01-18
2025-09-06 17:02:41,891 - INFO - No Sentinel-2 files found for date 2023-01-19
2025-09-06 17:02:41,891 - WARNING - No S2 files found for date 2023-01-19
2025-09-06 17:02:41,891 - INFO - No Sentinel-2 files found for date 2023-01-20
2025-09-06 17:02:41,891 - WARNING - No S2 files found for date 2023-01-20
2025-09-06 17:02:41,891 - INFO - No Sentinel-2 files found for date 2023-01-21
2025-09-06 17:02:41,891 - WARNING - No S2 files found for date 2023-01-21
2025-09-06 17:02:41,892 - INFO - No Sentinel-2 files found for date 2023-01-22
2025-09-06 17:02:41,892 - WARNING - No S2 files found for date 2023-01-22
2025-09-06 17:02:41,892 - INFO - No Sentinel-2 files found for date 2023-01-23
2025-09-06 17:02:41,892 - WARNING - No S2 files found for date 2023-01-23
2025-09-06 17:02:41,892 - INFO - No Sentinel-2 files found for date 2023-01-24
2025-09-06 17:02:41,892 - WARNING - No S2 files found for date 2023-01-24
2025-09-06 17:02:41,892 - INFO - No Sentinel-2 files found for date 2023-01-25
2025-09-06 17:02:41,892 - WARNING - No S2 files found for date 2023-01-25
2025-09-06 17:02:41,892 - INFO - No Sentinel-2 files found for date 2023-01-26
2025-09-06 17:02:41,893 - WARNING - No S2 files found for date 2023-01-26
2025-09-06 17:02:41,893 - INFO - Found 2 Sentinel-2 files for date 2023-01-27
2025-09-06 17:02:41,902 - INFO - Successfully copied S2 image for 2023-01-27
2025-09-06 17:02:41,902 - INFO - No Sentinel-2 files found for date 2023-01-28
2025-09-06 17:02:41,902 - WARNING - No S2 files found for date 2023-01-28
2025-09-06 17:02:41,902 - INFO - No Sentinel-2 files found for date 2023-01-29
2025-09-06 17:02:41,902 - WARNING - No S2 files found for date 2023-01-29
2025-09-06 17:02:41,903 - INFO - No Sentinel-2 files found for date 2023-01-30
2025-09-06 17:02:41,903 - WARNING - No S2 files found for date 2023-01-30
2025-09-06 17:02:41,903 - INFO - No Sentinel-2 files found for date 2023-01-31
2025-09-06 17:02:41,903 - WARNING - No S2 files found for date 2023-01-31
2025-09-06 17:02:41,903 - INFO - --- S2 retrieval process finished ---
2025-09-06 17:02:41,903 - INFO - Sentinel-2 data retrieval finished for ROI 'D-49-49-A'.
2025-09-06 17:02:41,903 - INFO - ==================================================
2025-09-06 17:02:41,903 - INFO - Data retrieval orchestration finished. Total time: 0:00:00.086629
